2025-05-04 02:18:11,897 INFO  [background-preinit] o.h.validator.internal.util.Version - HV000001: Hibernate Validator 8.0.1.Final
2025-05-04 02:18:11,921 INFO  [main] c.t.TaskflowBackendApplication - Starting TaskflowBackendApplication using Java 21 with PID 29252 (C:\Users\rhmar\GitHub\TaskManager\taskflow-backend\target\classes started by rhmar in C:\Users\rhmar\GitHub\TaskManager\taskflow-backend)
2025-05-04 02:18:11,921 DEBUG [main] c.t.TaskflowBackendApplication - Running with Spring Boot v3.2.3, Spring v6.1.4
2025-05-04 02:18:11,924 INFO  [main] c.t.TaskflowBackendApplication - No active profile set, falling back to 1 default profile: "default"
2025-05-04 02:18:12,925 INFO  [main] o.s.d.r.c.RepositoryConfigurationDelegate - Bootstrapping Spring Data JPA repositories in DEFAULT mode.
2025-05-04 02:18:13,005 INFO  [main] o.s.d.r.c.RepositoryConfigurationDelegate - Finished Spring Data repository scanning in 64 ms. Found 2 JPA repository interfaces.
2025-05-04 02:18:14,089 INFO  [main] o.s.b.w.e.tomcat.TomcatWebServer - Tomcat initialized with port 8080 (http)
2025-05-04 02:18:14,105 INFO  [main] o.a.coyote.http11.Http11NioProtocol - Initializing ProtocolHandler ["http-nio-8080"]
2025-05-04 02:18:14,105 INFO  [main] o.a.catalina.core.StandardService - Starting service [Tomcat]
2025-05-04 02:18:14,105 INFO  [main] o.a.catalina.core.StandardEngine - Starting Servlet engine: [Apache Tomcat/10.1.19]
2025-05-04 02:18:14,239 INFO  [main] o.a.c.c.C.[Tomcat].[localhost].[/] - Initializing Spring embedded WebApplicationContext
2025-05-04 02:18:14,239 INFO  [main] o.s.b.w.s.c.ServletWebServerApplicationContext - Root WebApplicationContext: initialization completed in 2244 ms
2025-05-04 02:18:14,406 INFO  [main] com.zaxxer.hikari.HikariDataSource - HikariPool-1 - Starting...
2025-05-04 02:18:14,703 INFO  [main] com.zaxxer.hikari.pool.HikariPool - HikariPool-1 - Added connection com.mysql.cj.jdbc.ConnectionImpl@24134cbc
2025-05-04 02:18:14,705 INFO  [main] com.zaxxer.hikari.HikariDataSource - HikariPool-1 - Start completed.
2025-05-04 02:18:14,866 INFO  [main] o.h.jpa.internal.util.LogHelper - HHH000204: Processing PersistenceUnitInfo [name: default]
2025-05-04 02:18:15,008 INFO  [main] org.hibernate.Version - HHH000412: Hibernate ORM core version 6.4.4.Final
2025-05-04 02:18:15,234 INFO  [main] o.h.c.i.RegionFactoryInitiator - HHH000026: Second-level cache disabled
2025-05-04 02:18:15,746 INFO  [main] o.s.o.j.p.SpringPersistenceUnitInfo - No LoadTimeWeaver setup: ignoring JPA class transformer
2025-05-04 02:18:15,811 WARN  [main] org.hibernate.orm.deprecation - HHH90000025: MySQL8Dialect does not need to be specified explicitly using 'hibernate.dialect' (remove the property setting and it will be selected by default)
2025-05-04 02:18:15,814 WARN  [main] org.hibernate.orm.deprecation - HHH90000026: MySQL8Dialect has been deprecated; use org.hibernate.dialect.MySQLDialect instead
2025-05-04 02:18:17,405 INFO  [main] o.h.e.t.j.p.i.JtaPlatformInitiator - HHH000489: No JTA platform available (set 'hibernate.transaction.jta.platform' to enable JTA platform integration)
2025-05-04 02:18:17,556 INFO  [main] o.s.o.j.LocalContainerEntityManagerFactoryBean - Initialized JPA EntityManagerFactory for persistence unit 'default'
2025-05-04 02:18:18,938 WARN  [main] o.s.b.a.o.j.JpaBaseConfiguration$JpaWebConfiguration - spring.jpa.open-in-view is enabled by default. Therefore, database queries may be performed during view rendering. Explicitly configure spring.jpa.open-in-view to disable this warning
2025-05-04 02:18:19,048 WARN  [main] o.s.b.a.s.s.UserDetailsServiceAutoConfiguration - 

Using generated security password: 3ca1a685-4c05-4a72-8db3-6d8843b1ad93

This generated password is for development use only. Your security configuration must be updated before running your application in production.

2025-05-04 02:18:19,933 INFO  [main] o.s.s.web.DefaultSecurityFilterChain - Will secure any request with [org.springframework.security.web.session.DisableEncodeUrlFilter@4d21b505, org.springframework.security.web.context.request.async.WebAsyncManagerIntegrationFilter@20e25bf7, org.springframework.security.web.context.SecurityContextHolderFilter@654dbb78, org.springframework.security.web.header.HeaderWriterFilter@49b6373f, org.springframework.web.filter.CorsFilter@9fc125b, org.springframework.security.web.authentication.logout.LogoutFilter@6edb093f, org.springframework.security.web.savedrequest.RequestCacheAwareFilter@24381e4a, org.springframework.security.web.servletapi.SecurityContextHolderAwareRequestFilter@6c3627c, org.springframework.security.web.authentication.AnonymousAuthenticationFilter@62129f97, org.springframework.security.web.access.ExceptionTranslationFilter@67b1c3af, org.springframework.security.web.access.intercept.AuthorizationFilter@653a5a]
2025-05-04 02:18:20,741 INFO  [main] o.a.coyote.http11.Http11NioProtocol - Starting ProtocolHandler ["http-nio-8080"]
2025-05-04 02:18:20,787 INFO  [main] o.s.b.w.e.tomcat.TomcatWebServer - Tomcat started on port 8080 (http) with context path ''
2025-05-04 02:18:20,800 INFO  [main] c.t.TaskflowBackendApplication - Started TaskflowBackendApplication in 9.525 seconds (process running for 10.353)
2025-05-04 02:18:45,346 INFO  [http-nio-8080-exec-1] o.a.c.c.C.[Tomcat].[localhost].[/] - Initializing Spring DispatcherServlet 'dispatcherServlet'
2025-05-04 02:18:45,346 INFO  [http-nio-8080-exec-1] o.s.web.servlet.DispatcherServlet - Initializing Servlet 'dispatcherServlet'
2025-05-04 02:18:45,346 INFO  [http-nio-8080-exec-1] o.s.web.servlet.DispatcherServlet - Completed initialization in 0 ms
2025-05-04 02:18:45,495 DEBUG [http-nio-8080-exec-1] com.taskflow.aspect.LoggingAspect - Executing method: AuthService.loginUserByEmail
2025-05-04 02:18:45,881 INFO  [http-nio-8080-exec-1] com.taskflow.aspect.LoggingAspect - Method AuthService.loginUserByEmail executed successfully in 377 ms
