2025-05-13 20:57:53,187 INFO  [background-preinit] o.h.validator.internal.util.Version - HV000001: Hibernate Validator 8.0.1.Final
2025-05-13 20:57:53,247 INFO  [main] c.t.TaskflowBackendApplication - Starting TaskflowBackendApplication using Java 21 with PID 21436 (C:\Users\rhmar\GitHub\TaskManager\taskflow-backend\target\classes started by rhmar in C:\Users\rhmar\GitHub\TaskManager\taskflow-backend)
2025-05-13 20:57:53,248 DEBUG [main] c.t.TaskflowBackendApplication - Running with Spring Boot v3.2.3, Spring v6.1.4
2025-05-13 20:57:53,250 INFO  [main] c.t.TaskflowBackendApplication - No active profile set, falling back to 1 default profile: "default"
2025-05-13 20:57:54,567 INFO  [main] o.s.d.r.c.RepositoryConfigurationDelegate - Bootstrapping Spring Data JPA repositories in DEFAULT mode.
2025-05-13 20:57:54,679 INFO  [main] o.s.d.r.c.RepositoryConfigurationDelegate - Finished Spring Data repository scanning in 96 ms. Found 2 JPA repository interfaces.
2025-05-13 20:57:56,143 INFO  [main] o.s.b.w.e.tomcat.TomcatWebServer - Tomcat initialized with port 8080 (http)
2025-05-13 20:57:56,160 INFO  [main] o.a.coyote.http11.Http11NioProtocol - Initializing ProtocolHandler ["http-nio-8080"]
2025-05-13 20:57:56,166 INFO  [main] o.a.catalina.core.StandardService - Starting service [Tomcat]
2025-05-13 20:57:56,166 INFO  [main] o.a.catalina.core.StandardEngine - Starting Servlet engine: [Apache Tomcat/10.1.19]
2025-05-13 20:57:56,266 INFO  [main] o.a.c.c.C.[Tomcat].[localhost].[/] - Initializing Spring embedded WebApplicationContext
2025-05-13 20:57:56,267 INFO  [main] o.s.b.w.s.c.ServletWebServerApplicationContext - Root WebApplicationContext: initialization completed in 2938 ms
2025-05-13 20:57:56,514 INFO  [main] com.zaxxer.hikari.HikariDataSource - HikariPool-1 - Starting...
2025-05-13 20:57:56,825 INFO  [main] com.zaxxer.hikari.pool.HikariPool - HikariPool-1 - Added connection com.mysql.cj.jdbc.ConnectionImpl@526f6427
2025-05-13 20:57:56,829 INFO  [main] com.zaxxer.hikari.HikariDataSource - HikariPool-1 - Start completed.
2025-05-13 20:57:57,002 INFO  [main] o.h.jpa.internal.util.LogHelper - HHH000204: Processing PersistenceUnitInfo [name: default]
2025-05-13 20:57:57,131 INFO  [main] org.hibernate.Version - HHH000412: Hibernate ORM core version 6.4.4.Final
2025-05-13 20:57:57,200 INFO  [main] o.h.c.i.RegionFactoryInitiator - HHH000026: Second-level cache disabled
2025-05-13 20:57:57,628 INFO  [main] o.s.o.j.p.SpringPersistenceUnitInfo - No LoadTimeWeaver setup: ignoring JPA class transformer
2025-05-13 20:57:57,730 WARN  [main] org.hibernate.orm.deprecation - HHH90000025: MySQL8Dialect does not need to be specified explicitly using 'hibernate.dialect' (remove the property setting and it will be selected by default)
2025-05-13 20:57:57,731 WARN  [main] org.hibernate.orm.deprecation - HHH90000026: MySQL8Dialect has been deprecated; use org.hibernate.dialect.MySQLDialect instead
2025-05-13 20:58:00,005 INFO  [main] o.h.e.t.j.p.i.JtaPlatformInitiator - HHH000489: No JTA platform available (set 'hibernate.transaction.jta.platform' to enable JTA platform integration)
2025-05-13 20:58:00,404 INFO  [main] o.s.o.j.LocalContainerEntityManagerFactoryBean - Initialized JPA EntityManagerFactory for persistence unit 'default'
2025-05-13 20:58:03,012 WARN  [main] o.s.b.a.o.j.JpaBaseConfiguration$JpaWebConfiguration - spring.jpa.open-in-view is enabled by default. Therefore, database queries may be performed during view rendering. Explicitly configure spring.jpa.open-in-view to disable this warning
2025-05-13 20:58:03,272 WARN  [main] o.s.b.a.s.s.UserDetailsServiceAutoConfiguration - 

Using generated security password: cef79fd0-358d-4412-b83d-963eb88d65c2

This generated password is for development use only. Your security configuration must be updated before running your application in production.

2025-05-13 20:58:04,744 INFO  [main] o.s.s.web.DefaultSecurityFilterChain - Will secure any request with [org.springframework.security.web.session.DisableEncodeUrlFilter@726ee6cf, org.springframework.security.web.context.request.async.WebAsyncManagerIntegrationFilter@4a83d61c, org.springframework.security.web.context.SecurityContextHolderFilter@6c75c5e8, org.springframework.security.web.header.HeaderWriterFilter@788fa91f, org.springframework.web.filter.CorsFilter@624268ab, org.springframework.security.web.authentication.logout.LogoutFilter@5bed8b91, org.springframework.security.web.savedrequest.RequestCacheAwareFilter@39c93af6, org.springframework.security.web.servletapi.SecurityContextHolderAwareRequestFilter@3903cfc9, org.springframework.security.web.authentication.AnonymousAuthenticationFilter@33315925, org.springframework.security.web.access.ExceptionTranslationFilter@62aefc75, org.springframework.security.web.access.intercept.AuthorizationFilter@48dc06a9]
2025-05-13 20:58:05,810 INFO  [main] o.a.coyote.http11.Http11NioProtocol - Starting ProtocolHandler ["http-nio-8080"]
2025-05-13 20:58:06,000 INFO  [main] o.s.b.w.e.tomcat.TomcatWebServer - Tomcat started on port 8080 (http) with context path ''
2025-05-13 20:58:06,025 INFO  [main] c.t.TaskflowBackendApplication - Started TaskflowBackendApplication in 13.538 seconds (process running for 14.619)
2025-05-13 20:58:23,636 INFO  [http-nio-8080-exec-1] o.a.c.c.C.[Tomcat].[localhost].[/] - Initializing Spring DispatcherServlet 'dispatcherServlet'
2025-05-13 20:58:23,638 INFO  [http-nio-8080-exec-1] o.s.web.servlet.DispatcherServlet - Initializing Servlet 'dispatcherServlet'
2025-05-13 20:58:23,640 INFO  [http-nio-8080-exec-1] o.s.web.servlet.DispatcherServlet - Completed initialization in 2 ms
2025-05-13 20:58:24,027 DEBUG [http-nio-8080-exec-2] com.taskflow.aspect.LoggingAspect - Executing method: AuthService.loginUserByEmail
2025-05-13 20:58:24,844 ERROR [http-nio-8080-exec-2] c.t.aspect.ExceptionHandlingAspect - Exception in AuthService.loginUserByEmail: IllegalArgumentException - Invalid email or password
2025-05-13 20:58:24,845 DEBUG [http-nio-8080-exec-2] c.t.aspect.ExceptionHandlingAspect - Stack trace for exception in AuthService.loginUserByEmail:
java.lang.IllegalArgumentException: Invalid email or password
	at com.taskflow.service.AuthService.loginUserByEmail(AuthService.java:56)
	at java.base/jdk.internal.reflect.DirectMethodHandleAccessor.invoke(DirectMethodHandleAccessor.java:103)
	at java.base/java.lang.reflect.Method.invoke(Method.java:580)
	at org.springframework.aop.support.AopUtils.invokeJoinpointUsingReflection(AopUtils.java:351)
	at org.springframework.aop.framework.ReflectiveMethodInvocation.invokeJoinpoint(ReflectiveMethodInvocation.java:196)
	at org.springframework.aop.framework.ReflectiveMethodInvocation.proceed(ReflectiveMethodInvocation.java:163)
	at org.springframework.aop.framework.CglibAopProxy$CglibMethodInvocation.proceed(CglibAopProxy.java:765)
	at org.springframework.aop.aspectj.MethodInvocationProceedingJoinPoint.proceed(MethodInvocationProceedingJoinPoint.java:89)
	at com.taskflow.aspect.LoggingAspect.logMethodExecutionTime(LoggingAspect.java:31)
	at java.base/jdk.internal.reflect.DirectMethodHandleAccessor.invoke(DirectMethodHandleAccessor.java:103)
	at java.base/java.lang.reflect.Method.invoke(Method.java:580)
	at org.springframework.aop.aspectj.AbstractAspectJAdvice.invokeAdviceMethodWithGivenArgs(AbstractAspectJAdvice.java:637)
	at org.springframework.aop.aspectj.AbstractAspectJAdvice.invokeAdviceMethod(AbstractAspectJAdvice.java:627)
	at org.springframework.aop.aspectj.AspectJAroundAdvice.invoke(AspectJAroundAdvice.java:71)
	at org.springframework.aop.framework.ReflectiveMethodInvocation.proceed(ReflectiveMethodInvocation.java:184)
	at org.springframework.aop.framework.CglibAopProxy$CglibMethodInvocation.proceed(CglibAopProxy.java:765)
	at org.springframework.aop.aspectj.AspectJAfterThrowingAdvice.invoke(AspectJAfterThrowingAdvice.java:64)
	at org.springframework.aop.framework.ReflectiveMethodInvocation.proceed(ReflectiveMethodInvocation.java:184)
	at org.springframework.aop.framework.CglibAopProxy$CglibMethodInvocation.proceed(CglibAopProxy.java:765)
	at org.springframework.aop.interceptor.ExposeInvocationInterceptor.invoke(ExposeInvocationInterceptor.java:97)
	at org.springframework.aop.framework.ReflectiveMethodInvocation.proceed(ReflectiveMethodInvocation.java:184)
	at org.springframework.aop.framework.CglibAopProxy$CglibMethodInvocation.proceed(CglibAopProxy.java:765)
	at org.springframework.aop.framework.CglibAopProxy$DynamicAdvisedInterceptor.intercept(CglibAopProxy.java:717)
	at com.taskflow.service.AuthService$$SpringCGLIB$$0.loginUserByEmail(<generated>)
	at com.taskflow.controller.AuthController.login(AuthController.java:38)
	at java.base/jdk.internal.reflect.DirectMethodHandleAccessor.invoke(DirectMethodHandleAccessor.java:103)
	at java.base/java.lang.reflect.Method.invoke(Method.java:580)
	at org.springframework.aop.support.AopUtils.invokeJoinpointUsingReflection(AopUtils.java:351)
	at org.springframework.aop.framework.ReflectiveMethodInvocation.invokeJoinpoint(ReflectiveMethodInvocation.java:196)
	at org.springframework.aop.framework.ReflectiveMethodInvocation.proceed(ReflectiveMethodInvocation.java:163)
	at org.springframework.aop.framework.CglibAopProxy$CglibMethodInvocation.proceed(CglibAopProxy.java:765)
	at org.springframework.aop.aspectj.AspectJAfterThrowingAdvice.invoke(AspectJAfterThrowingAdvice.java:64)
	at org.springframework.aop.framework.ReflectiveMethodInvocation.proceed(ReflectiveMethodInvocation.java:184)
	at org.springframework.aop.framework.CglibAopProxy$CglibMethodInvocation.proceed(CglibAopProxy.java:765)
	at org.springframework.aop.interceptor.ExposeInvocationInterceptor.invoke(ExposeInvocationInterceptor.java:97)
	at org.springframework.aop.framework.ReflectiveMethodInvocation.proceed(ReflectiveMethodInvocation.java:184)
	at org.springframework.aop.framework.CglibAopProxy$CglibMethodInvocation.proceed(CglibAopProxy.java:765)
	at org.springframework.aop.framework.CglibAopProxy$DynamicAdvisedInterceptor.intercept(CglibAopProxy.java:717)
	at com.taskflow.controller.AuthController$$SpringCGLIB$$0.login(<generated>)
	at java.base/jdk.internal.reflect.DirectMethodHandleAccessor.invoke(DirectMethodHandleAccessor.java:103)
	at java.base/java.lang.reflect.Method.invoke(Method.java:580)
	at org.springframework.web.method.support.InvocableHandlerMethod.doInvoke(InvocableHandlerMethod.java:259)
	at org.springframework.web.method.support.InvocableHandlerMethod.invokeForRequest(InvocableHandlerMethod.java:192)
	at org.springframework.web.servlet.mvc.method.annotation.ServletInvocableHandlerMethod.invokeAndHandle(ServletInvocableHandlerMethod.java:118)
	at org.springframework.web.servlet.mvc.method.annotation.RequestMappingHandlerAdapter.invokeHandlerMethod(RequestMappingHandlerAdapter.java:920)
	at org.springframework.web.servlet.mvc.method.annotation.RequestMappingHandlerAdapter.handleInternal(RequestMappingHandlerAdapter.java:830)
	at org.springframework.web.servlet.mvc.method.AbstractHandlerMethodAdapter.handle(AbstractHandlerMethodAdapter.java:87)
	at org.springframework.web.servlet.DispatcherServlet.doDispatch(DispatcherServlet.java:1089)
	at org.springframework.web.servlet.DispatcherServlet.doService(DispatcherServlet.java:979)
	at org.springframework.web.servlet.FrameworkServlet.processRequest(FrameworkServlet.java:1014)
	at org.springframework.web.servlet.FrameworkServlet.doPost(FrameworkServlet.java:914)
	at jakarta.servlet.http.HttpServlet.service(HttpServlet.java:590)
	at org.springframework.web.servlet.FrameworkServlet.service(FrameworkServlet.java:885)
	at jakarta.servlet.http.HttpServlet.service(HttpServlet.java:658)
	at org.apache.catalina.core.ApplicationFilterChain.internalDoFilter(ApplicationFilterChain.java:205)
	at org.apache.catalina.core.ApplicationFilterChain.doFilter(ApplicationFilterChain.java:149)
	at org.apache.tomcat.websocket.server.WsFilter.doFilter(WsFilter.java:51)
	at org.apache.catalina.core.ApplicationFilterChain.internalDoFilter(ApplicationFilterChain.java:174)
	at org.apache.catalina.core.ApplicationFilterChain.doFilter(ApplicationFilterChain.java:149)
	at org.springframework.web.filter.CompositeFilter$VirtualFilterChain.doFilter(CompositeFilter.java:108)
	at org.springframework.security.web.FilterChainProxy.lambda$doFilterInternal$3(FilterChainProxy.java:231)
	at org.springframework.security.web.FilterChainProxy$VirtualFilterChain.doFilter(FilterChainProxy.java:365)
	at org.springframework.security.web.access.intercept.AuthorizationFilter.doFilter(AuthorizationFilter.java:100)
	at org.springframework.security.web.FilterChainProxy$VirtualFilterChain.doFilter(FilterChainProxy.java:374)
	at org.springframework.security.web.access.ExceptionTranslationFilter.doFilter(ExceptionTranslationFilter.java:126)
	at org.springframework.security.web.access.ExceptionTranslationFilter.doFilter(ExceptionTranslationFilter.java:120)
	at org.springframework.security.web.FilterChainProxy$VirtualFilterChain.doFilter(FilterChainProxy.java:374)
	at org.springframework.security.web.authentication.AnonymousAuthenticationFilter.doFilter(AnonymousAuthenticationFilter.java:100)
	at org.springframework.security.web.FilterChainProxy$VirtualFilterChain.doFilter(FilterChainProxy.java:374)
	at org.springframework.security.web.servletapi.SecurityContextHolderAwareRequestFilter.doFilter(SecurityContextHolderAwareRequestFilter.java:179)
	at org.springframework.security.web.FilterChainProxy$VirtualFilterChain.doFilter(FilterChainProxy.java:374)
	at org.springframework.security.web.savedrequest.RequestCacheAwareFilter.doFilter(RequestCacheAwareFilter.java:63)
	at org.springframework.security.web.FilterChainProxy$VirtualFilterChain.doFilter(FilterChainProxy.java:374)
	at org.springframework.security.web.authentication.logout.LogoutFilter.doFilter(LogoutFilter.java:107)
	at org.springframework.security.web.authentication.logout.LogoutFilter.doFilter(LogoutFilter.java:93)
	at org.springframework.security.web.FilterChainProxy$VirtualFilterChain.doFilter(FilterChainProxy.java:374)
	at org.springframework.web.filter.CorsFilter.doFilterInternal(CorsFilter.java:91)
	at org.springframework.web.filter.OncePerRequestFilter.doFilter(OncePerRequestFilter.java:116)
	at org.springframework.security.web.FilterChainProxy$VirtualFilterChain.doFilter(FilterChainProxy.java:374)
	at org.springframework.security.web.header.HeaderWriterFilter.doHeadersAfter(HeaderWriterFilter.java:90)
	at org.springframework.security.web.header.HeaderWriterFilter.doFilterInternal(HeaderWriterFilter.java:75)
	at org.springframework.web.filter.OncePerRequestFilter.doFilter(OncePerRequestFilter.java:116)
	at org.springframework.security.web.FilterChainProxy$VirtualFilterChain.doFilter(FilterChainProxy.java:374)
	at org.springframework.security.web.context.SecurityContextHolderFilter.doFilter(SecurityContextHolderFilter.java:82)
	at org.springframework.security.web.context.SecurityContextHolderFilter.doFilter(SecurityContextHolderFilter.java:69)
	at org.springframework.security.web.FilterChainProxy$VirtualFilterChain.doFilter(FilterChainProxy.java:374)
	at org.springframework.security.web.context.request.async.WebAsyncManagerIntegrationFilter.doFilterInternal(WebAsyncManagerIntegrationFilter.java:62)
	at org.springframework.web.filter.OncePerRequestFilter.doFilter(OncePerRequestFilter.java:116)
	at org.springframework.security.web.FilterChainProxy$VirtualFilterChain.doFilter(FilterChainProxy.java:374)
	at org.springframework.security.web.session.DisableEncodeUrlFilter.doFilterInternal(DisableEncodeUrlFilter.java:42)
	at org.springframework.web.filter.OncePerRequestFilter.doFilter(OncePerRequestFilter.java:116)
	at org.springframework.security.web.FilterChainProxy$VirtualFilterChain.doFilter(FilterChainProxy.java:374)
	at org.springframework.security.web.FilterChainProxy.doFilterInternal(FilterChainProxy.java:233)
	at org.springframework.security.web.FilterChainProxy.doFilter(FilterChainProxy.java:191)
	at org.springframework.web.filter.CompositeFilter$VirtualFilterChain.doFilter(CompositeFilter.java:113)
	at org.springframework.web.servlet.handler.HandlerMappingIntrospector.lambda$createCacheFilter$3(HandlerMappingIntrospector.java:195)
	at org.springframework.web.filter.CompositeFilter$VirtualFilterChain.doFilter(CompositeFilter.java:113)
	at org.springframework.web.filter.CompositeFilter.doFilter(CompositeFilter.java:74)
	at org.springframework.security.config.annotation.web.configuration.WebMvcSecurityConfiguration$CompositeFilterChainProxy.doFilter(WebMvcSecurityConfiguration.java:230)
	at org.springframework.web.filter.DelegatingFilterProxy.invokeDelegate(DelegatingFilterProxy.java:352)
	at org.springframework.web.filter.DelegatingFilterProxy.doFilter(DelegatingFilterProxy.java:268)
	at org.apache.catalina.core.ApplicationFilterChain.internalDoFilter(ApplicationFilterChain.java:174)
	at org.apache.catalina.core.ApplicationFilterChain.doFilter(ApplicationFilterChain.java:149)
	at org.springframework.web.filter.RequestContextFilter.doFilterInternal(RequestContextFilter.java:100)
	at org.springframework.web.filter.OncePerRequestFilter.doFilter(OncePerRequestFilter.java:116)
	at org.apache.catalina.core.ApplicationFilterChain.internalDoFilter(ApplicationFilterChain.java:174)
	at org.apache.catalina.core.ApplicationFilterChain.doFilter(ApplicationFilterChain.java:149)
	at org.springframework.web.filter.FormContentFilter.doFilterInternal(FormContentFilter.java:93)
	at org.springframework.web.filter.OncePerRequestFilter.doFilter(OncePerRequestFilter.java:116)
	at org.apache.catalina.core.ApplicationFilterChain.internalDoFilter(ApplicationFilterChain.java:174)
	at org.apache.catalina.core.ApplicationFilterChain.doFilter(ApplicationFilterChain.java:149)
	at org.springframework.web.filter.CharacterEncodingFilter.doFilterInternal(CharacterEncodingFilter.java:201)
	at org.springframework.web.filter.OncePerRequestFilter.doFilter(OncePerRequestFilter.java:116)
	at org.apache.catalina.core.ApplicationFilterChain.internalDoFilter(ApplicationFilterChain.java:174)
	at org.apache.catalina.core.ApplicationFilterChain.doFilter(ApplicationFilterChain.java:149)
	at org.apache.catalina.core.StandardWrapperValve.invoke(StandardWrapperValve.java:167)
	at org.apache.catalina.core.StandardContextValve.invoke(StandardContextValve.java:90)
	at org.apache.catalina.authenticator.AuthenticatorBase.invoke(AuthenticatorBase.java:482)
	at org.apache.catalina.core.StandardHostValve.invoke(StandardHostValve.java:115)
	at org.apache.catalina.valves.ErrorReportValve.invoke(ErrorReportValve.java:93)
	at org.apache.catalina.core.StandardEngineValve.invoke(StandardEngineValve.java:74)
	at org.apache.catalina.connector.CoyoteAdapter.service(CoyoteAdapter.java:344)
	at org.apache.coyote.http11.Http11Processor.service(Http11Processor.java:391)
	at org.apache.coyote.AbstractProcessorLight.process(AbstractProcessorLight.java:63)
	at org.apache.coyote.AbstractProtocol$ConnectionHandler.process(AbstractProtocol.java:896)
	at org.apache.tomcat.util.net.NioEndpoint$SocketProcessor.doRun(NioEndpoint.java:1744)
	at org.apache.tomcat.util.net.SocketProcessorBase.run(SocketProcessorBase.java:52)
	at org.apache.tomcat.util.threads.ThreadPoolExecutor.runWorker(ThreadPoolExecutor.java:1191)
	at org.apache.tomcat.util.threads.ThreadPoolExecutor$Worker.run(ThreadPoolExecutor.java:659)
	at org.apache.tomcat.util.threads.TaskThread$WrappingRunnable.run(TaskThread.java:63)
	at java.base/java.lang.Thread.run(Thread.java:1583)
2025-05-13 20:58:26,980 DEBUG [http-nio-8080-exec-5] com.taskflow.aspect.LoggingAspect - Executing method: AuthService.loginUserByEmail
2025-05-13 20:58:27,381 INFO  [http-nio-8080-exec-5] com.taskflow.aspect.LoggingAspect - Method AuthService.loginUserByEmail executed successfully in 401 ms
2025-05-13 20:58:27,548 DEBUG [http-nio-8080-exec-3] com.taskflow.aspect.LoggingAspect - Executing method: TaskService.getAllTasks
2025-05-13 20:58:27,557 DEBUG [http-nio-8080-exec-10] com.taskflow.aspect.LoggingAspect - Executing method: UserService.getUserByUsername
2025-05-13 20:58:27,610 INFO  [http-nio-8080-exec-10] com.taskflow.aspect.LoggingAspect - Method UserService.getUserByUsername executed successfully in 44 ms
2025-05-13 20:58:27,711 INFO  [http-nio-8080-exec-3] com.taskflow.aspect.LoggingAspect - Method TaskService.getAllTasks executed successfully in 150 ms
2025-05-13 20:58:29,591 DEBUG [http-nio-8080-exec-4] com.taskflow.aspect.LoggingAspect - Executing method: UserService.getUserByUsername
2025-05-13 20:58:29,605 DEBUG [http-nio-8080-exec-7] com.taskflow.aspect.LoggingAspect - Executing method: TaskService.getAllTasks
2025-05-13 20:58:29,640 INFO  [http-nio-8080-exec-4] com.taskflow.aspect.LoggingAspect - Method UserService.getUserByUsername executed successfully in 36 ms
2025-05-13 20:58:29,649 INFO  [http-nio-8080-exec-7] com.taskflow.aspect.LoggingAspect - Method TaskService.getAllTasks executed successfully in 43 ms
2025-05-13 20:58:30,420 DEBUG [http-nio-8080-exec-1] com.taskflow.aspect.LoggingAspect - Executing method: TaskService.getAllTasks
2025-05-13 20:58:30,475 DEBUG [http-nio-8080-exec-8] com.taskflow.aspect.LoggingAspect - Executing method: UserService.getUserByUsername
2025-05-13 20:58:30,488 INFO  [http-nio-8080-exec-1] com.taskflow.aspect.LoggingAspect - Method TaskService.getAllTasks executed successfully in 32 ms
2025-05-13 20:58:30,589 INFO  [http-nio-8080-exec-8] com.taskflow.aspect.LoggingAspect - Method UserService.getUserByUsername executed successfully in 104 ms
2025-05-13 20:58:32,297 DEBUG [http-nio-8080-exec-2] com.taskflow.aspect.LoggingAspect - Executing method: TaskService.getAllTasks
2025-05-13 20:58:32,301 DEBUG [http-nio-8080-exec-5] com.taskflow.aspect.LoggingAspect - Executing method: UserService.getUserByUsername
2025-05-13 20:58:32,336 INFO  [http-nio-8080-exec-5] com.taskflow.aspect.LoggingAspect - Method UserService.getUserByUsername executed successfully in 29 ms
2025-05-13 20:58:32,350 INFO  [http-nio-8080-exec-2] com.taskflow.aspect.LoggingAspect - Method TaskService.getAllTasks executed successfully in 44 ms
2025-05-13 20:58:34,613 DEBUG [http-nio-8080-exec-9] com.taskflow.aspect.LoggingAspect - Executing method: UserService.getUserByUsername
2025-05-13 20:58:34,613 DEBUG [http-nio-8080-exec-6] com.taskflow.aspect.LoggingAspect - Executing method: TaskService.getAllTasks
2025-05-13 20:58:34,620 INFO  [http-nio-8080-exec-9] com.taskflow.aspect.LoggingAspect - Method UserService.getUserByUsername executed successfully in 5 ms
2025-05-13 20:58:34,622 INFO  [http-nio-8080-exec-6] com.taskflow.aspect.LoggingAspect - Method TaskService.getAllTasks executed successfully in 7 ms
2025-05-13 20:58:44,355 DEBUG [http-nio-8080-exec-10] com.taskflow.aspect.LoggingAspect - Executing method: AuthService.loginUserByEmail
2025-05-13 20:58:44,693 INFO  [http-nio-8080-exec-10] com.taskflow.aspect.LoggingAspect - Method AuthService.loginUserByEmail executed successfully in 318 ms
2025-05-13 20:58:44,780 DEBUG [http-nio-8080-exec-1] com.taskflow.aspect.LoggingAspect - Executing method: UserService.getUserByUsername
2025-05-13 20:58:44,783 DEBUG [http-nio-8080-exec-7] com.taskflow.aspect.LoggingAspect - Executing method: TaskService.getRecentTasks
2025-05-13 20:58:44,788 DEBUG [http-nio-8080-exec-2] com.taskflow.aspect.LoggingAspect - Executing method: UserService.getRecentEmployees
2025-05-13 20:58:44,794 INFO  [http-nio-8080-exec-1] com.taskflow.aspect.LoggingAspect - Method UserService.getUserByUsername executed successfully in 12 ms
2025-05-13 20:58:44,830 INFO  [http-nio-8080-exec-7] com.taskflow.aspect.LoggingAspect - Method TaskService.getRecentTasks executed successfully in 42 ms
2025-05-13 20:58:44,855 INFO  [http-nio-8080-exec-2] com.taskflow.aspect.LoggingAspect - Method UserService.getRecentEmployees executed successfully in 63 ms
2025-05-13 20:58:46,421 DEBUG [http-nio-8080-exec-6] com.taskflow.aspect.LoggingAspect - Executing method: UserService.getUserByUsername
2025-05-13 20:58:46,430 INFO  [http-nio-8080-exec-6] com.taskflow.aspect.LoggingAspect - Method UserService.getUserByUsername executed successfully in 9 ms
2025-05-13 20:58:46,436 DEBUG [http-nio-8080-exec-5] com.taskflow.aspect.LoggingAspect - Executing method: UserService.getAllEmployeesFiltered
2025-05-13 20:58:46,463 INFO  [http-nio-8080-exec-5] com.taskflow.aspect.LoggingAspect - Method UserService.getAllEmployeesFiltered executed successfully in 27 ms
2025-05-13 20:58:47,642 DEBUG [http-nio-8080-exec-9] com.taskflow.aspect.LoggingAspect - Executing method: UserService.getUserByUsername
2025-05-13 20:58:47,648 DEBUG [http-nio-8080-exec-7] com.taskflow.aspect.LoggingAspect - Executing method: TaskService.getAllTasks
2025-05-13 20:58:47,656 DEBUG [http-nio-8080-exec-4] com.taskflow.aspect.LoggingAspect - Executing method: UserService.getAllEmployeesFiltered
2025-05-13 20:58:47,658 INFO  [http-nio-8080-exec-9] com.taskflow.aspect.LoggingAspect - Method UserService.getUserByUsername executed successfully in 15 ms
2025-05-13 20:58:47,669 INFO  [http-nio-8080-exec-7] com.taskflow.aspect.LoggingAspect - Method TaskService.getAllTasks executed successfully in 19 ms
2025-05-13 20:58:47,692 INFO  [http-nio-8080-exec-4] com.taskflow.aspect.LoggingAspect - Method UserService.getAllEmployeesFiltered executed successfully in 36 ms
2025-05-13 20:58:49,509 DEBUG [http-nio-8080-exec-8] com.taskflow.aspect.LoggingAspect - Executing method: UserService.getRecentEmployees
2025-05-13 20:58:49,511 DEBUG [http-nio-8080-exec-1] com.taskflow.aspect.LoggingAspect - Executing method: UserService.getUserByUsername
2025-05-13 20:58:49,509 DEBUG [http-nio-8080-exec-2] com.taskflow.aspect.LoggingAspect - Executing method: TaskService.getRecentTasks
2025-05-13 20:58:49,530 INFO  [http-nio-8080-exec-1] com.taskflow.aspect.LoggingAspect - Method UserService.getUserByUsername executed successfully in 15 ms
2025-05-13 20:58:49,535 INFO  [http-nio-8080-exec-8] com.taskflow.aspect.LoggingAspect - Method UserService.getRecentEmployees executed successfully in 26 ms
2025-05-13 20:58:49,546 INFO  [http-nio-8080-exec-2] com.taskflow.aspect.LoggingAspect - Method TaskService.getRecentTasks executed successfully in 29 ms
2025-05-13 20:59:02,771 DEBUG [http-nio-8080-exec-5] com.taskflow.aspect.LoggingAspect - Executing method: UserService.getUserByUsername
2025-05-13 20:59:02,777 DEBUG [http-nio-8080-exec-3] com.taskflow.aspect.LoggingAspect - Executing method: UserService.getRecentEmployees
2025-05-13 20:59:02,778 DEBUG [http-nio-8080-exec-10] com.taskflow.aspect.LoggingAspect - Executing method: TaskService.getRecentTasks
2025-05-13 20:59:02,786 INFO  [http-nio-8080-exec-5] com.taskflow.aspect.LoggingAspect - Method UserService.getUserByUsername executed successfully in 8 ms
2025-05-13 20:59:02,804 INFO  [http-nio-8080-exec-10] com.taskflow.aspect.LoggingAspect - Method TaskService.getRecentTasks executed successfully in 25 ms
2025-05-13 20:59:02,806 INFO  [http-nio-8080-exec-3] com.taskflow.aspect.LoggingAspect - Method UserService.getRecentEmployees executed successfully in 27 ms
2025-05-13 21:02:28,159 DEBUG [http-nio-8080-exec-6] com.taskflow.aspect.LoggingAspect - Executing method: UserService.getUserByUsername
2025-05-13 21:02:28,171 DEBUG [http-nio-8080-exec-8] com.taskflow.aspect.LoggingAspect - Executing method: UserService.getRecentEmployees
2025-05-13 21:02:28,173 DEBUG [http-nio-8080-exec-10] com.taskflow.aspect.LoggingAspect - Executing method: TaskService.getRecentTasks
2025-05-13 21:02:28,182 INFO  [http-nio-8080-exec-6] com.taskflow.aspect.LoggingAspect - Method UserService.getUserByUsername executed successfully in 20 ms
2025-05-13 21:02:28,238 INFO  [http-nio-8080-exec-10] com.taskflow.aspect.LoggingAspect - Method TaskService.getRecentTasks executed successfully in 44 ms
2025-05-13 21:02:28,242 INFO  [http-nio-8080-exec-8] com.taskflow.aspect.LoggingAspect - Method UserService.getRecentEmployees executed successfully in 66 ms
2025-05-13 21:03:39,112 DEBUG [http-nio-8080-exec-7] com.taskflow.aspect.LoggingAspect - Executing method: UserService.getRecentEmployees
2025-05-13 21:03:39,114 DEBUG [http-nio-8080-exec-6] com.taskflow.aspect.LoggingAspect - Executing method: TaskService.getRecentTasks
2025-05-13 21:03:39,114 DEBUG [http-nio-8080-exec-4] com.taskflow.aspect.LoggingAspect - Executing method: UserService.getUserByUsername
2025-05-13 21:03:39,126 INFO  [http-nio-8080-exec-4] com.taskflow.aspect.LoggingAspect - Method UserService.getUserByUsername executed successfully in 10 ms
2025-05-13 21:03:39,138 INFO  [http-nio-8080-exec-6] com.taskflow.aspect.LoggingAspect - Method TaskService.getRecentTasks executed successfully in 22 ms
2025-05-13 21:03:39,150 INFO  [http-nio-8080-exec-7] com.taskflow.aspect.LoggingAspect - Method UserService.getRecentEmployees executed successfully in 35 ms
2025-05-13 21:03:40,692 DEBUG [http-nio-8080-exec-8] com.taskflow.aspect.LoggingAspect - Executing method: UserService.getRecentEmployees
2025-05-13 21:03:40,692 DEBUG [http-nio-8080-exec-2] com.taskflow.aspect.LoggingAspect - Executing method: TaskService.getRecentTasks
2025-05-13 21:03:40,693 DEBUG [http-nio-8080-exec-10] com.taskflow.aspect.LoggingAspect - Executing method: UserService.getUserByUsername
2025-05-13 21:03:40,713 INFO  [http-nio-8080-exec-2] com.taskflow.aspect.LoggingAspect - Method TaskService.getRecentTasks executed successfully in 17 ms
2025-05-13 21:03:40,714 INFO  [http-nio-8080-exec-10] com.taskflow.aspect.LoggingAspect - Method UserService.getUserByUsername executed successfully in 18 ms
2025-05-13 21:03:40,718 INFO  [http-nio-8080-exec-8] com.taskflow.aspect.LoggingAspect - Method UserService.getRecentEmployees executed successfully in 25 ms
2025-05-13 21:15:18,860 DEBUG [http-nio-8080-exec-5] com.taskflow.aspect.LoggingAspect - Executing method: UserService.getUserByUsername
2025-05-13 21:15:18,859 DEBUG [http-nio-8080-exec-10] com.taskflow.aspect.LoggingAspect - Executing method: TaskService.getRecentTasks
2025-05-13 21:15:18,859 DEBUG [http-nio-8080-exec-7] com.taskflow.aspect.LoggingAspect - Executing method: UserService.getRecentEmployees
2025-05-13 21:15:18,873 INFO  [http-nio-8080-exec-5] com.taskflow.aspect.LoggingAspect - Method UserService.getUserByUsername executed successfully in 12 ms
2025-05-13 21:15:18,876 INFO  [http-nio-8080-exec-10] com.taskflow.aspect.LoggingAspect - Method TaskService.getRecentTasks executed successfully in 14 ms
2025-05-13 21:15:18,880 INFO  [http-nio-8080-exec-7] com.taskflow.aspect.LoggingAspect - Method UserService.getRecentEmployees executed successfully in 19 ms
